# JRE version: OpenJDK Runtime Environment (21.0.4) (build 21.0.4+-12508038-b607.1)
# Java VM: OpenJDK 64-Bit Server VM (21.0.4+-12508038-b607.1, mixed mode, tiered, compressed oops, compressed class ptrs, g1 gc, windows-amd64)
GC Precious Log:
 CardTable entry size: 512
 Card Set container configuration: InlinePtr #cards 5 size 8 Array Of Cards #cards 12 size 40 Howl #buckets 4 coarsen threshold 1843 Howl Bitmap #cards 512 size 80 coarsen threshold 460 Card regions per heap region 1 cards per card region 2048
 CPUs: 2 total, 2 available
 Memory: 3907M
 Large Page Support: Disabled
 NUMA Support: Disabled
 Compressed Oops: Enabled (32-bit)
 Heap Region Size: 1M
 Heap Min Capacity: 8M
 Heap Initial Capacity: 62M
 Heap Max Capacity: 2G
 Pre-touch: Disabled
 Parallel Workers: 2
 Concurrent Workers: 1
 Concurrent Refinement Workers: 2
 Periodic GC: Disabled
Heap:
 garbage-first heap   total 73728K, used 54996K [0x0000000080000000, 0x0000000100000000)
  region size 1024K, 16 young (16384K), 3 survivors (3072K)
 Metaspace       used 66448K, committed 68096K, reserved 1114112K
  class space    used 9032K, committed 9856K, reserved 1048576K
GC Heap History (20 events):
Event: 36.389 GC heap before
{Heap before GC invocations=15 (full 0):
 garbage-first heap   total 63488K, used 55768K [0x0000000080000000, 0x0000000100000000)
  region size 1024K, 25 young (25600K), 3 survivors (3072K)
 Metaspace       used 46754K, committed 48064K, reserved 1114112K
  class space    used 6225K, committed 6912K, reserved 1048576K
}
Event: 36.395 GC heap after
{Heap after GC invocations=16 (full 0):
 garbage-first heap   total 63488K, used 33157K [0x0000000080000000, 0x0000000100000000)
  region size 1024K, 1 young (1024K), 1 survivors (1024K)
 Metaspace       used 46754K, committed 48064K, reserved 1114112K
  class space    used 6225K, committed 6912K, reserved 1048576K
}
Event: 37.850 GC heap before
{Heap before GC invocations=17 (full 0):
 garbage-first heap   total 63488K, used 55685K [0x0000000080000000, 0x0000000100000000)
  region size 1024K, 24 young (24576K), 1 survivors (1024K)
 Metaspace       used 49329K, committed 50688K, reserved 1114112K
  class space    used 6652K, committed 7360K, reserved 1048576K
}
Event: 37.860 GC heap after
{Heap after GC invocations=18 (full 0):
 garbage-first heap   total 63488K, used 35363K [0x0000000080000000, 0x0000000100000000)
  region size 1024K, 3 young (3072K), 3 survivors (3072K)
 Metaspace       used 49329K, committed 50688K, reserved 1114112K
  class space    used 6652K, committed 7360K, reserved 1048576K
}
Event: 40.719 GC heap before
{Heap before GC invocations=18 (full 0):
 garbage-first heap   total 63488K, used 55843K [0x0000000080000000, 0x0000000100000000)
  region size 1024K, 23 young (23552K), 3 survivors (3072K)
 Metaspace       used 51933K, committed 53440K, reserved 1114112K
  class space    used 7087K, committed 7872K, reserved 1048576K
}
Event: 40.734 GC heap after
{Heap after GC invocations=19 (full 0):
 garbage-first heap   total 63488K, used 36246K [0x0000000080000000, 0x0000000100000000)
  region size 1024K, 2 young (2048K), 2 survivors (2048K)
 Metaspace       used 51933K, committed 53440K, reserved 1114112K
  class space    used 7087K, committed 7872K, reserved 1048576K
}
Event: 41.264 GC heap before
{Heap before GC invocations=19 (full 0):
 garbage-first heap   total 63488K, used 38294K [0x0000000080000000, 0x0000000100000000)
  region size 1024K, 6 young (6144K), 2 survivors (2048K)
 Metaspace       used 52270K, committed 53760K, reserved 1114112K
  class space    used 7124K, committed 7872K, reserved 1048576K
}
Event: 41.270 GC heap after
{Heap after GC invocations=20 (full 0):
 garbage-first heap   total 63488K, used 36608K [0x0000000080000000, 0x0000000100000000)
  region size 1024K, 2 young (2048K), 2 survivors (2048K)
 Metaspace       used 52270K, committed 53760K, reserved 1114112K
  class space    used 7124K, committed 7872K, reserved 1048576K
}
Event: 43.625 GC heap before
{Heap before GC invocations=21 (full 0):
 garbage-first heap   total 63488K, used 58112K [0x0000000080000000, 0x0000000100000000)
  region size 1024K, 21 young (21504K), 2 survivors (2048K)
 Metaspace       used 55815K, committed 57280K, reserved 1114112K
  class space    used 7502K, committed 8256K, reserved 1048576K
}
Event: 43.632 GC heap after
{Heap after GC invocations=22 (full 0):
 garbage-first heap   total 63488K, used 36616K [0x0000000080000000, 0x0000000100000000)
  region size 1024K, 2 young (2048K), 2 survivors (2048K)
 Metaspace       used 55815K, committed 57280K, reserved 1114112K
  class space    used 7502K, committed 8256K, reserved 1048576K
}
Event: 44.601 GC heap before
{Heap before GC invocations=22 (full 0):
 garbage-first heap   total 63488K, used 56072K [0x0000000080000000, 0x0000000100000000)
  region size 1024K, 21 young (21504K), 2 survivors (2048K)
 Metaspace       used 58344K, committed 59840K, reserved 1114112K
  class space    used 7872K, committed 8640K, reserved 1048576K
}
Event: 44.612 GC heap after
{Heap after GC invocations=23 (full 0):
 garbage-first heap   total 63488K, used 37307K [0x0000000080000000, 0x0000000100000000)
  region size 1024K, 3 young (3072K), 3 survivors (3072K)
 Metaspace       used 58344K, committed 59840K, reserved 1114112K
  class space    used 7872K, committed 8640K, reserved 1048576K
}
Event: 46.664 GC heap before
{Heap before GC invocations=23 (full 0):
 garbage-first heap   total 63488K, used 55739K [0x0000000080000000, 0x0000000100000000)
  region size 1024K, 21 young (21504K), 3 survivors (3072K)
 Metaspace       used 60979K, committed 62464K, reserved 1114112K
  class space    used 8261K, committed 9024K, reserved 1048576K
}
Event: 46.678 GC heap after
{Heap after GC invocations=24 (full 0):
 garbage-first heap   total 63488K, used 38477K [0x0000000080000000, 0x0000000100000000)
  region size 1024K, 3 young (3072K), 3 survivors (3072K)
 Metaspace       used 60979K, committed 62464K, reserved 1114112K
  class space    used 8261K, committed 9024K, reserved 1048576K
}
Event: 50.332 GC heap before
{Heap before GC invocations=25 (full 0):
 garbage-first heap   total 65536K, used 55885K [0x0000000080000000, 0x0000000100000000)
  region size 1024K, 20 young (20480K), 3 survivors (3072K)
 Metaspace       used 63280K, committed 64896K, reserved 1114112K
  class space    used 8647K, committed 9472K, reserved 1048576K
}
Event: 50.357 GC heap after
{Heap after GC invocations=26 (full 0):
 garbage-first heap   total 65536K, used 39278K [0x0000000080000000, 0x0000000100000000)
  region size 1024K, 2 young (2048K), 2 survivors (2048K)
 Metaspace       used 63280K, committed 64896K, reserved 1114112K
  class space    used 8647K, committed 9472K, reserved 1048576K
}
Event: 55.845 GC heap before
{Heap before GC invocations=26 (full 0):
 garbage-first heap   total 65536K, used 58734K [0x0000000080000000, 0x0000000100000000)
  region size 1024K, 21 young (21504K), 2 survivors (2048K)
 Metaspace       used 65397K, committed 67072K, reserved 1114112K
  class space    used 8929K, committed 9792K, reserved 1048576K
}
Event: 55.880 GC heap after
{Heap after GC invocations=27 (full 0):
 garbage-first heap   total 65536K, used 41133K [0x0000000080000000, 0x0000000100000000)
  region size 1024K, 3 young (3072K), 3 survivors (3072K)
 Metaspace       used 65397K, committed 67072K, reserved 1114112K
  class space    used 8929K, committed 9792K, reserved 1048576K
}
Event: 70.005 GC heap before
{Heap before GC invocations=27 (full 0):
 garbage-first heap   total 65536K, used 56493K [0x0000000080000000, 0x0000000100000000)
  region size 1024K, 19 young (19456K), 3 survivors (3072K)
 Metaspace       used 66126K, committed 67776K, reserved 1114112K
  class space    used 8996K, committed 9856K, reserved 1048576K
}
Event: 70.030 GC heap after
{Heap after GC invocations=28 (full 0):
 garbage-first heap   total 65536K, used 43732K [0x0000000080000000, 0x0000000100000000)
  region size 1024K, 3 young (3072K), 3 survivors (3072K)
 Metaspace       used 66126K, committed 67776K, reserved 1114112K
  class space    used 8996K, committed 9856K, reserved 1048576K
}

