# JRE version: OpenJDK Runtime Environment (21.0.4) (build 21.0.4+-12508038-b607.1)
# Java VM: OpenJDK 64-Bit Server VM (21.0.4+-12508038-b607.1, mixed mode, tiered, compressed oops, compressed class ptrs, g1 gc, windows-amd64)
GC Precious Log:
 CardTable entry size: 512
 Card Set container configuration: InlinePtr #cards 5 size 8 Array Of Cards #cards 12 size 40 Howl #buckets 4 coarsen threshold 1843 Howl Bitmap #cards 512 size 80 coarsen threshold 460 Card regions per heap region 1 cards per card region 2048
 CPUs: 2 total, 2 available
 Memory: 3907M
 Large Page Support: Disabled
 NUMA Support: Disabled
 Compressed Oops: Enabled (32-bit)
 Heap Region Size: 1M
 Heap Min Capacity: 8M
 Heap Initial Capacity: 62M
 Heap Max Capacity: 2G
 Pre-touch: Disabled
 Parallel Workers: 2
 Concurrent Workers: 1
 Concurrent Refinement Workers: 2
 Periodic GC: Disabled
Heap:
 garbage-first heap   total 124928K, used 86093K [0x0000000080000000, 0x0000000100000000)
  region size 1024K, 16 young (16384K), 2 survivors (2048K)
 Metaspace       used 74296K, committed 76096K, reserved 1179648K
  class space    used 9908K, committed 10816K, reserved 1048576K
GC Heap History (20 events):
Event: 38.786 GC heap before
{Heap before GC invocations=22 (full 0):
 garbage-first heap   total 76800K, used 66550K [0x0000000080000000, 0x0000000100000000)
  region size 1024K, 29 young (29696K), 4 survivors (4096K)
 Metaspace       used 66436K, committed 68096K, reserved 1114112K
  class space    used 9034K, committed 9856K, reserved 1048576K
}
Event: 38.813 GC heap after
{Heap after GC invocations=23 (full 0):
 garbage-first heap   total 76800K, used 46890K [0x0000000080000000, 0x0000000100000000)
  region size 1024K, 4 young (4096K), 4 survivors (4096K)
 Metaspace       used 66436K, committed 68096K, reserved 1114112K
  class space    used 9034K, committed 9856K, reserved 1048576K
}
Event: 39.886 GC heap before
{Heap before GC invocations=24 (full 0):
 garbage-first heap   total 78848K, used 66346K [0x0000000080000000, 0x0000000100000000)
  region size 1024K, 24 young (24576K), 4 survivors (4096K)
 Metaspace       used 66628K, committed 68288K, reserved 1114112K
  class space    used 9036K, committed 9856K, reserved 1048576K
}
Event: 39.902 GC heap after
{Heap after GC invocations=25 (full 0):
 garbage-first heap   total 78848K, used 48278K [0x0000000080000000, 0x0000000100000000)
  region size 1024K, 3 young (3072K), 3 survivors (3072K)
 Metaspace       used 66628K, committed 68288K, reserved 1114112K
  class space    used 9036K, committed 9856K, reserved 1048576K
}
Event: 41.170 GC heap before
{Heap before GC invocations=25 (full 0):
 garbage-first heap   total 78848K, used 68758K [0x0000000080000000, 0x0000000100000000)
  region size 1024K, 24 young (24576K), 3 survivors (3072K)
 Metaspace       used 66968K, committed 68608K, reserved 1114112K
  class space    used 9062K, committed 9856K, reserved 1048576K
}
Event: 41.190 GC heap after
{Heap after GC invocations=26 (full 0):
 garbage-first heap   total 78848K, used 48792K [0x0000000080000000, 0x0000000100000000)
  region size 1024K, 3 young (3072K), 3 survivors (3072K)
 Metaspace       used 66968K, committed 68608K, reserved 1114112K
  class space    used 9062K, committed 9856K, reserved 1048576K
}
Event: 42.555 GC heap before
{Heap before GC invocations=26 (full 0):
 garbage-first heap   total 78848K, used 69272K [0x0000000080000000, 0x0000000100000000)
  region size 1024K, 24 young (24576K), 3 survivors (3072K)
 Metaspace       used 67021K, committed 68608K, reserved 1114112K
  class space    used 9062K, committed 9856K, reserved 1048576K
}
Event: 42.581 GC heap after
{Heap after GC invocations=27 (full 0):
 garbage-first heap   total 95232K, used 49595K [0x0000000080000000, 0x0000000100000000)
  region size 1024K, 3 young (3072K), 3 survivors (3072K)
 Metaspace       used 67021K, committed 68608K, reserved 1114112K
  class space    used 9062K, committed 9856K, reserved 1048576K
}
Event: 44.108 GC heap before
{Heap before GC invocations=28 (full 0):
 garbage-first heap   total 95232K, used 82363K [0x0000000080000000, 0x0000000100000000)
  region size 1024K, 36 young (36864K), 3 survivors (3072K)
 Metaspace       used 67026K, committed 68608K, reserved 1114112K
  class space    used 9062K, committed 9856K, reserved 1048576K
}
Event: 44.121 GC heap after
{Heap after GC invocations=29 (full 0):
 garbage-first heap   total 95232K, used 50792K [0x0000000080000000, 0x0000000100000000)
  region size 1024K, 4 young (4096K), 4 survivors (4096K)
 Metaspace       used 67026K, committed 68608K, reserved 1114112K
  class space    used 9062K, committed 9856K, reserved 1048576K
}
Event: 45.163 GC heap before
{Heap before GC invocations=29 (full 0):
 garbage-first heap   total 95232K, used 83560K [0x0000000080000000, 0x0000000100000000)
  region size 1024K, 36 young (36864K), 4 survivors (4096K)
 Metaspace       used 67034K, committed 68672K, reserved 1114112K
  class space    used 9063K, committed 9856K, reserved 1048576K
}
Event: 45.179 GC heap after
{Heap after GC invocations=30 (full 0):
 garbage-first heap   total 95232K, used 50377K [0x0000000080000000, 0x0000000100000000)
  region size 1024K, 4 young (4096K), 4 survivors (4096K)
 Metaspace       used 67034K, committed 68672K, reserved 1114112K
  class space    used 9063K, committed 9856K, reserved 1048576K
}
Event: 45.480 GC heap before
{Heap before GC invocations=30 (full 0):
 garbage-first heap   total 95232K, used 57545K [0x0000000080000000, 0x0000000100000000)
  region size 1024K, 12 young (12288K), 4 survivors (4096K)
 Metaspace       used 67319K, committed 69056K, reserved 1114112K
  class space    used 9102K, committed 9984K, reserved 1048576K
}
Event: 45.492 GC heap after
{Heap after GC invocations=31 (full 0):
 garbage-first heap   total 95232K, used 51100K [0x0000000080000000, 0x0000000100000000)
  region size 1024K, 1 young (1024K), 1 survivors (1024K)
 Metaspace       used 67319K, committed 69056K, reserved 1114112K
  class space    used 9102K, committed 9984K, reserved 1048576K
}
Event: 47.190 GC heap before
{Heap before GC invocations=32 (full 0):
 garbage-first heap   total 95232K, used 94108K [0x0000000080000000, 0x0000000100000000)
  region size 1024K, 29 young (29696K), 1 survivors (1024K)
 Metaspace       used 68921K, committed 70656K, reserved 1114112K
  class space    used 9327K, committed 10240K, reserved 1048576K
}
Event: 47.205 GC heap after
{Heap after GC invocations=33 (full 0):
 garbage-first heap   total 104448K, used 73227K [0x0000000080000000, 0x0000000100000000)
  region size 1024K, 4 young (4096K), 4 survivors (4096K)
 Metaspace       used 68921K, committed 70656K, reserved 1114112K
  class space    used 9327K, committed 10240K, reserved 1048576K
}
Event: 47.776 GC heap before
{Heap before GC invocations=33 (full 0):
 garbage-first heap   total 104448K, used 91659K [0x0000000080000000, 0x0000000100000000)
  region size 1024K, 23 young (23552K), 4 survivors (4096K)
 Metaspace       used 70615K, committed 72320K, reserved 1114112K
  class space    used 9544K, committed 10432K, reserved 1048576K
}
Event: 47.788 GC heap after
{Heap after GC invocations=34 (full 0):
 garbage-first heap   total 104448K, used 73212K [0x0000000080000000, 0x0000000100000000)
  region size 1024K, 1 young (1024K), 1 survivors (1024K)
 Metaspace       used 70615K, committed 72320K, reserved 1114112K
  class space    used 9544K, committed 10432K, reserved 1048576K
}
Event: 48.622 GC heap before
{Heap before GC invocations=34 (full 0):
 garbage-first heap   total 104448K, used 92668K [0x0000000080000000, 0x0000000100000000)
  region size 1024K, 21 young (21504K), 1 survivors (1024K)
 Metaspace       used 72770K, committed 74496K, reserved 1114112K
  class space    used 9749K, committed 10624K, reserved 1048576K
}
Event: 48.627 GC heap after
{Heap after GC invocations=35 (full 0):
 garbage-first heap   total 104448K, used 73805K [0x0000000080000000, 0x0000000100000000)
  region size 1024K, 2 young (2048K), 2 survivors (2048K)
 Metaspace       used 72770K, committed 74496K, reserved 1114112K
  class space    used 9749K, committed 10624K, reserved 1048576K
}

