# JRE version: OpenJDK Runtime Environment (21.0.4) (build 21.0.4+-12508038-b607.1)
# Java VM: OpenJDK 64-Bit Server VM (21.0.4+-12508038-b607.1, mixed mode, tiered, compressed oops, compressed class ptrs, g1 gc, windows-amd64)
GC Precious Log:
 CardTable entry size: 512
 Card Set container configuration: InlinePtr #cards 5 size 8 Array Of Cards #cards 12 size 40 Howl #buckets 4 coarsen threshold 1843 Howl Bitmap #cards 512 size 80 coarsen threshold 460 Card regions per heap region 1 cards per card region 2048
 CPUs: 2 total, 2 available
 Memory: 3907M
 Large Page Support: Disabled
 NUMA Support: Disabled
 Compressed Oops: Enabled (32-bit)
 Heap Region Size: 1M
 Heap Min Capacity: 8M
 Heap Initial Capacity: 62M
 Heap Max Capacity: 2G
 Pre-touch: Disabled
 Parallel Workers: 2
 Concurrent Workers: 1
 Concurrent Refinement Workers: 2
 Periodic GC: Disabled
Heap:
 garbage-first heap   total 218112K, used 152064K [0x0000000080000000, 0x0000000100000000)
  region size 1024K, 2 young (2048K), 2 survivors (2048K)
 Metaspace       used 117949K, committed 120128K, reserved 1179648K
  class space    used 15709K, committed 16832K, reserved 1048576K
GC Heap History (20 events):
Event: 373.485 GC heap after
{Heap after GC invocations=42 (full 0):
 garbage-first heap   total 163840K, used 101816K [0x0000000080000000, 0x0000000100000000)
  region size 1024K, 7 young (7168K), 7 survivors (7168K)
 Metaspace       used 104679K, committed 106816K, reserved 1179648K
  class space    used 14126K, committed 15232K, reserved 1048576K
}
Event: 377.746 GC heap before
{Heap before GC invocations=43 (full 0):
 garbage-first heap   total 171008K, used 146872K [0x0000000080000000, 0x0000000100000000)
  region size 1024K, 51 young (52224K), 7 survivors (7168K)
 Metaspace       used 108752K, committed 110912K, reserved 1179648K
  class space    used 14715K, committed 15808K, reserved 1048576K
}
Event: 377.793 GC heap after
{Heap after GC invocations=44 (full 0):
 garbage-first heap   total 171008K, used 104448K [0x0000000080000000, 0x0000000100000000)
  region size 1024K, 6 young (6144K), 6 survivors (6144K)
 Metaspace       used 108752K, committed 110912K, reserved 1179648K
  class space    used 14715K, committed 15808K, reserved 1048576K
}
Event: 379.447 GC heap before
{Heap before GC invocations=44 (full 0):
 garbage-first heap   total 171008K, used 130048K [0x0000000080000000, 0x0000000100000000)
  region size 1024K, 31 young (31744K), 6 survivors (6144K)
 Metaspace       used 109990K, committed 112128K, reserved 1179648K
  class space    used 14886K, committed 16000K, reserved 1048576K
}
Event: 379.476 GC heap after
{Heap after GC invocations=45 (full 0):
 garbage-first heap   total 171008K, used 106496K [0x0000000080000000, 0x0000000100000000)
  region size 1024K, 3 young (3072K), 3 survivors (3072K)
 Metaspace       used 109990K, committed 112128K, reserved 1179648K
  class space    used 14886K, committed 16000K, reserved 1048576K
}
Event: 388.435 GC heap before
{Heap before GC invocations=45 (full 0):
 garbage-first heap   total 171008K, used 162816K [0x0000000080000000, 0x0000000100000000)
  region size 1024K, 54 young (55296K), 3 survivors (3072K)
 Metaspace       used 114704K, committed 116928K, reserved 1179648K
  class space    used 15385K, committed 16512K, reserved 1048576K
}
Event: 388.491 GC heap after
{Heap after GC invocations=46 (full 0):
 garbage-first heap   total 174080K, used 112557K [0x0000000080000000, 0x0000000100000000)
  region size 1024K, 7 young (7168K), 7 survivors (7168K)
 Metaspace       used 114704K, committed 116928K, reserved 1179648K
  class space    used 15385K, committed 16512K, reserved 1048576K
}
Event: 405.093 GC heap before
{Heap before GC invocations=46 (full 0):
 garbage-first heap   total 174080K, used 157613K [0x0000000080000000, 0x0000000100000000)
  region size 1024K, 51 young (52224K), 7 survivors (7168K)
 Metaspace       used 115163K, committed 117376K, reserved 1179648K
  class space    used 15442K, committed 16576K, reserved 1048576K
}
Event: 405.194 GC heap after
{Heap after GC invocations=47 (full 0):
 garbage-first heap   total 174080K, used 118272K [0x0000000080000000, 0x0000000100000000)
  region size 1024K, 6 young (6144K), 6 survivors (6144K)
 Metaspace       used 115163K, committed 117376K, reserved 1179648K
  class space    used 15442K, committed 16576K, reserved 1048576K
}
Event: 421.563 GC heap before
{Heap before GC invocations=48 (full 0):
 garbage-first heap   total 198656K, used 156160K [0x0000000080000000, 0x0000000100000000)
  region size 1024K, 43 young (44032K), 6 survivors (6144K)
 Metaspace       used 115216K, committed 117440K, reserved 1179648K
  class space    used 15444K, committed 16576K, reserved 1048576K
}
Event: 421.702 GC heap after
{Heap after GC invocations=49 (full 0):
 garbage-first heap   total 198656K, used 120320K [0x0000000080000000, 0x0000000100000000)
  region size 1024K, 4 young (4096K), 4 survivors (4096K)
 Metaspace       used 115216K, committed 117440K, reserved 1179648K
  class space    used 15444K, committed 16576K, reserved 1048576K
}
Event: 445.098 GC heap before
{Heap before GC invocations=49 (full 0):
 garbage-first heap   total 198656K, used 179712K [0x0000000080000000, 0x0000000100000000)
  region size 1024K, 63 young (64512K), 4 survivors (4096K)
 Metaspace       used 115813K, committed 118080K, reserved 1179648K
  class space    used 15537K, committed 16704K, reserved 1048576K
}
Event: 447.035 GC heap after
{Heap after GC invocations=50 (full 0):
 garbage-first heap   total 198656K, used 120034K [0x0000000080000000, 0x0000000100000000)
  region size 1024K, 6 young (6144K), 6 survivors (6144K)
 Metaspace       used 115813K, committed 118080K, reserved 1179648K
  class space    used 15537K, committed 16704K, reserved 1048576K
}
Event: 460.866 GC heap before
{Heap before GC invocations=50 (full 0):
 garbage-first heap   total 198656K, used 179426K [0x0000000080000000, 0x0000000100000000)
  region size 1024K, 65 young (66560K), 6 survivors (6144K)
 Metaspace       used 117830K, committed 120064K, reserved 1179648K
  class space    used 15709K, committed 16832K, reserved 1048576K
}
Event: 460.946 GC heap after
{Heap after GC invocations=51 (full 0):
 garbage-first heap   total 198656K, used 124928K [0x0000000080000000, 0x0000000100000000)
  region size 1024K, 9 young (9216K), 9 survivors (9216K)
 Metaspace       used 117830K, committed 120064K, reserved 1179648K
  class space    used 15709K, committed 16832K, reserved 1048576K
}
Event: 471.674 GC heap before
{Heap before GC invocations=52 (full 0):
 garbage-first heap   total 208896K, used 186368K [0x0000000080000000, 0x0000000100000000)
  region size 1024K, 61 young (62464K), 9 survivors (9216K)
 Metaspace       used 117949K, committed 120128K, reserved 1179648K
  class space    used 15709K, committed 16832K, reserved 1048576K
}
Event: 471.816 GC heap after
{Heap after GC invocations=53 (full 0):
 garbage-first heap   total 218112K, used 147968K [0x0000000080000000, 0x0000000100000000)
  region size 1024K, 8 young (8192K), 8 survivors (8192K)
 Metaspace       used 117949K, committed 120128K, reserved 1179648K
  class space    used 15709K, committed 16832K, reserved 1048576K
}
Event: 471.861 GC heap before
{Heap before GC invocations=53 (full 0):
 garbage-first heap   total 218112K, used 150016K [0x0000000080000000, 0x0000000100000000)
  region size 1024K, 10 young (10240K), 8 survivors (8192K)
 Metaspace       used 117949K, committed 120128K, reserved 1179648K
  class space    used 15709K, committed 16832K, reserved 1048576K
}
Event: 471.908 GC heap after
{Heap after GC invocations=54 (full 0):
 garbage-first heap   total 218112K, used 148992K [0x0000000080000000, 0x0000000100000000)
  region size 1024K, 2 young (2048K), 2 survivors (2048K)
 Metaspace       used 117949K, committed 120128K, reserved 1179648K
  class space    used 15709K, committed 16832K, reserved 1048576K
}
Event: 472.194 GC heap before
{Heap before GC invocations=54 (full 0):
 garbage-first heap   total 218112K, used 156160K [0x0000000080000000, 0x0000000100000000)
  region size 1024K, 10 young (10240K), 2 survivors (2048K)
 Metaspace       used 117949K, committed 120128K, reserved 1179648K
  class space    used 15709K, committed 16832K, reserved 1048576K
}

